<?xml version="1.0" encoding="UTF-8"?>
<!-- Generated by org.testng.reporters.JUnitReportReporter -->
<testsuite skipped="0" hostname="LAPTOP-5PTD3T23" name="com.gurukula.testsuite.TestCases" tests="1" failures="0" timestamp="5 Dec 2016 07:50:59 GMT" time="5.263" errors="0">
  <testcase name="verifyAllFieldsOnLoginPage" time="5.263" classname="com.gurukula.testsuite.TestCases"/>
</testsuite> <!-- com.gurukula.testsuite.TestCases -->
